<?xml version="1.0" encoding="UTF-8"?>
<testsuite xmlns:xsi="http://www.w3.org/2001/XMLSchema-instance" xsi:noNamespaceSchemaLocation="https://maven.apache.org/surefire/maven-surefire-plugin/xsd/surefire-test-report-3.0.xsd" version="3.0" name="Model.EnemyOneTest" time="0.268" tests="1" errors="0" skipped="0" failures="0">
  <properties>
[...]
</properties>
  <testcase name="next_tile_is_left" classname="Model.EnemyOneTest" time="0.138">
    <system-out><![CDATA[Direction array is empty
Direction array is empty
Direction array is empty
Direction array is empty
Direction array is empty
Direction array is empty
Direction array is empty
Direction array is empty
Direction array is empty
Direction array is empty
Direction array is empty
Direction array is empty
Direction array is empty
]]></system-out>
  </testcase>
</testsuite>